<?xml version="1.0" encoding="UTF-8"?>
<robot generator="Robot 6.1.1 (Python 3.11.5 on darwin)" generated="20231005 08:41:27.683" rpa="false" schemaversion="4">
<suite id="s1" name="ProdSampleTests" source="/Users/sreyasinharoy/Documents/GitHub/RobotFramework/TestScenarios/ProdSampleTests.robot">
<test id="s1-t1" name="This is a sample checkout test case" line="7">
<kw name="Open Browser">
<arg>${HOME_PAGE_URL}</arg>
<arg>{BROWSER_TYPE}</arg>
<msg timestamp="20231005 08:41:27.692" level="FAIL">No keyword with name 'Open Browser' found.</msg>
<status status="FAIL" starttime="20231005 08:41:27.692" endtime="20231005 08:41:27.692"/>
</kw>
<doc>This is a very basic sample test case to demonstrate RobotFramework functionality
Test Case adds an item to shopping cart and navigates to the last page of checkout on the
Trifecta production website</doc>
<tag>Regression</tag>
<status status="FAIL" starttime="20231005 08:41:27.691" endtime="20231005 08:41:27.692">No keyword with name 'Open Browser' found.</status>
</test>
<status status="FAIL" starttime="20231005 08:41:27.683" endtime="20231005 08:41:27.692"/>
</suite>
<statistics>
<total>
<stat pass="0" fail="1" skip="0">All Tests</stat>
</total>
<tag>
<stat pass="0" fail="1" skip="0">Regression</stat>
</tag>
<suite>
<stat pass="0" fail="1" skip="0" id="s1" name="ProdSampleTests">ProdSampleTests</stat>
</suite>
</statistics>
<errors>
<msg timestamp="20231005 08:41:27.691" level="ERROR">Error in file '/Users/sreyasinharoy/Documents/GitHub/RobotFramework/TestScenarios/ProdSampleTests.robot' on line 2: Resource file 'Resources/Common/Settings.robot' does not exist.</msg>
</errors>
</robot>
